# JRE version: OpenJDK Runtime Environment (8.0_202-b03) (build 1.8.0_202-release-1483-b03)
# Java VM: OpenJDK 64-Bit Server VM (25.202-b03 mixed mode windows-amd64 compressed oops)
Heap:
 PSYoungGen      total 299520K, used 299488K [0x00000000e0000000, 0x00000000f9680000, 0x0000000100000000)
  eden space 235520K, 100% used [0x00000000e0000000,0x00000000ee600000,0x00000000ee600000)
  from space 64000K, 99% used [0x00000000f3b80000,0x00000000f79f8300,0x00000000f7a00000)
  to   space 87552K, 0% used [0x00000000ee600000,0x00000000ee600000,0x00000000f3b80000)
 ParOldGen       total 224256K, used 181588K [0x00000000a0000000, 0x00000000adb00000, 0x00000000e0000000)
  object space 224256K, 80% used [0x00000000a0000000,0x00000000ab1550a8,0x00000000adb00000)
 Metaspace       used 78440K, capacity 80062K, committed 80408K, reserved 1120256K
  class space    used 9278K, capacity 9698K, committed 9776K, reserved 1048576K
GC Heap History (10 events):
Event: 21.752 GC heap before
{Heap before GC invocations=18 (full 4):
 PSYoungGen      total 164864K, used 160864K [0x00000000e0000000, 0x00000000f0e00000, 0x0000000100000000)
  eden space 110080K, 100% used [0x00000000e0000000,0x00000000e6b80000,0x00000000e6b80000)
  from space 54784K, 92% used [0x00000000e6b80000,0x00000000e9d180b0,0x00000000ea100000)
  to   space 62464K, 0% used [0x00000000ed100000,0x00000000ed100000,0x00000000f0e00000)
 ParOldGen       total 224256K, used 98770K [0x00000000a0000000, 0x00000000adb00000, 0x00000000e0000000)
  object space 224256K, 44% used [0x00000000a0000000,0x00000000a6074b48,0x00000000adb00000)
 Metaspace       used 62854K, capacity 63890K, committed 64408K, reserved 1105920K
  class space    used 7568K, capacity 7824K, committed 7856K, reserved 1048576K
Event: 21.836 GC heap after
Heap after GC invocations=18 (full 4):
 PSYoungGen      total 214528K, used 34401K [0x00000000e0000000, 0x00000000f0e00000, 0x0000000100000000)
  eden space 152064K, 0% used [0x00000000e0000000,0x00000000e0000000,0x00000000e9480000)
  from space 62464K, 55% used [0x00000000ed100000,0x00000000ef298760,0x00000000f0e00000)
  to   space 61952K, 0% used [0x00000000e9480000,0x00000000e9480000,0x00000000ed100000)
 ParOldGen       total 224256K, used 98778K [0x00000000a0000000, 0x00000000adb00000, 0x00000000e0000000)
  object space 224256K, 44% used [0x00000000a0000000,0x00000000a6076b48,0x00000000adb00000)
 Metaspace       used 62854K, capacity 63890K, committed 64408K, reserved 1105920K
  class space    used 7568K, capacity 7824K, committed 7856K, reserved 1048576K
}
Event: 25.936 GC heap before
{Heap before GC invocations=19 (full 4):
 PSYoungGen      total 214528K, used 186465K [0x00000000e0000000, 0x00000000f0e00000, 0x0000000100000000)
  eden space 152064K, 100% used [0x00000000e0000000,0x00000000e9480000,0x00000000e9480000)
  from space 62464K, 55% used [0x00000000ed100000,0x00000000ef298760,0x00000000f0e00000)
  to   space 61952K, 0% used [0x00000000e9480000,0x00000000e9480000,0x00000000ed100000)
 ParOldGen       total 224256K, used 98778K [0x00000000a0000000, 0x00000000adb00000, 0x00000000e0000000)
  object space 224256K, 44% used [0x00000000a0000000,0x00000000a6076b48,0x00000000adb00000)
 Metaspace       used 64046K, capacity 65158K, committed 65816K, reserved 1107968K
  class space    used 7637K, capacity 7936K, committed 7984K, reserved 1048576K
Event: 26.045 GC heap after
Heap after GC invocations=19 (full 4):
 PSYoungGen      total 214016K, used 50271K [0x00000000e0000000, 0x00000000f4e80000, 0x0000000100000000)
  eden space 152064K, 0% used [0x00000000e0000000,0x00000000e0000000,0x00000000e9480000)
  from space 61952K, 81% used [0x00000000e9480000,0x00000000ec597e78,0x00000000ed100000)
  to   space 67584K, 0% used [0x00000000f0c80000,0x00000000f0c80000,0x00000000f4e80000)
 ParOldGen       total 224256K, used 115855K [0x00000000a0000000, 0x00000000adb00000, 0x00000000e0000000)
  object space 224256K, 51% used [0x00000000a0000000,0x00000000a7123ca8,0x00000000adb00000)
 Metaspace       used 64046K, capacity 65158K, committed 65816K, reserved 1107968K
  class space    used 7637K, capacity 7936K, committed 7984K, reserved 1048576K
}
Event: 1964.066 GC heap before
{Heap before GC invocations=20 (full 4):
 PSYoungGen      total 214016K, used 202335K [0x00000000e0000000, 0x00000000f4e80000, 0x0000000100000000)
  eden space 152064K, 100% used [0x00000000e0000000,0x00000000e9480000,0x00000000e9480000)
  from space 61952K, 81% used [0x00000000e9480000,0x00000000ec597e78,0x00000000ed100000)
  to   space 67584K, 0% used [0x00000000f0c80000,0x00000000f0c80000,0x00000000f4e80000)
 ParOldGen       total 224256K, used 115855K [0x00000000a0000000, 0x00000000adb00000, 0x00000000e0000000)
  object space 224256K, 51% used [0x00000000a0000000,0x00000000a7123ca8,0x00000000adb00000)
 Metaspace       used 72770K, capacity 74204K, committed 74648K, reserved 1114112K
  class space    used 8681K, capacity 9033K, committed 9136K, reserved 1048576K
Event: 1964.203 GC heap after
Heap after GC invocations=20 (full 4):
 PSYoungGen      total 260608K, used 12434K [0x00000000e0000000, 0x00000000f4680000, 0x0000000100000000)
  eden space 201216K, 0% used [0x00000000e0000000,0x00000000e0000000,0x00000000ec480000)
  from space 59392K, 20% used [0x00000000f0c80000,0x00000000f18a4928,0x00000000f4680000)
  to   space 66560K, 0% used [0x00000000ec480000,0x00000000ec480000,0x00000000f0580000)
 ParOldGen       total 224256K, used 142800K [0x00000000a0000000, 0x00000000adb00000, 0x00000000e0000000)
  object space 224256K, 63% used [0x00000000a0000000,0x00000000a8b74130,0x00000000adb00000)
 Metaspace       used 72770K, capacity 74204K, committed 74648K, reserved 1114112K
  class space    used 8681K, capacity 9033K, committed 9136K, reserved 1048576K
}
Event: 1968.036 GC heap before
{Heap before GC invocations=21 (full 4):
 PSYoungGen      total 260608K, used 213459K [0x00000000e0000000, 0x00000000f4680000, 0x0000000100000000)
  eden space 201216K, 99% used [0x00000000e0000000,0x00000000ec4505f8,0x00000000ec480000)
  from space 59392K, 20% used [0x00000000f0c80000,0x00000000f18a4928,0x00000000f4680000)
  to   space 66560K, 0% used [0x00000000ec480000,0x00000000ec480000,0x00000000f0580000)
 ParOldGen       total 224256K, used 142800K [0x00000000a0000000, 0x00000000adb00000, 0x00000000e0000000)
  object space 224256K, 63% used [0x00000000a0000000,0x00000000a8b74130,0x00000000adb00000)
 Metaspace       used 74844K, capacity 76402K, committed 76568K, reserved 1116160K
  class space    used 8867K, capacity 9260K, committed 9264K, reserved 1048576K
Event: 1968.069 GC heap after
Heap after GC invocations=21 (full 4):
 PSYoungGen      total 267776K, used 16448K [0x00000000e0000000, 0x00000000f7a00000, 0x0000000100000000)
  eden space 201216K, 0% used [0x00000000e0000000,0x00000000e0000000,0x00000000ec480000)
  from space 66560K, 24% used [0x00000000ec480000,0x00000000ed4902c0,0x00000000f0580000)
  to   space 64000K, 0% used [0x00000000f3b80000,0x00000000f3b80000,0x00000000f7a00000)
 ParOldGen       total 224256K, used 146704K [0x00000000a0000000, 0x00000000adb00000, 0x00000000e0000000)
  object space 224256K, 65% used [0x00000000a0000000,0x00000000a8f44308,0x00000000adb00000)
 Metaspace       used 74844K, capacity 76402K, committed 76568K, reserved 1116160K
  class space    used 8867K, capacity 9260K, committed 9264K, reserved 1048576K
}
Event: 1970.186 GC heap before
{Heap before GC invocations=22 (full 4):
 PSYoungGen      total 267776K, used 217664K [0x00000000e0000000, 0x00000000f7a00000, 0x0000000100000000)
  eden space 201216K, 100% used [0x00000000e0000000,0x00000000ec480000,0x00000000ec480000)
  from space 66560K, 24% used [0x00000000ec480000,0x00000000ed4902c0,0x00000000f0580000)
  to   space 64000K, 0% used [0x00000000f3b80000,0x00000000f3b80000,0x00000000f7a00000)
 ParOldGen       total 224256K, used 146704K [0x00000000a0000000, 0x00000000adb00000, 0x00000000e0000000)
  object space 224256K, 65% used [0x00000000a0000000,0x00000000a8f44308,0x00000000adb00000)
 Metaspace       used 78244K, capacity 79916K, committed 80408K, reserved 1120256K
  class space    used 9268K, capacity 9695K, committed 9776K, reserved 1048576K
Event: 1970.277 GC heap after
Heap after GC invocations=22 (full 4):
 PSYoungGen      total 299520K, used 63968K [0x00000000e0000000, 0x00000000f9680000, 0x0000000100000000)
  eden space 235520K, 0% used [0x00000000e0000000,0x00000000e0000000,0x00000000ee600000)
  from space 64000K, 99% used [0x00000000f3b80000,0x00000000f79f8300,0x00000000f7a00000)
  to   space 87552K, 0% used [0x00000000ee600000,0x00000000ee600000,0x00000000f3b80000)
 ParOldGen       total 224256K, used 181588K [0x00000000a0000000, 0x00000000adb00000, 0x00000000e0000000)
  object space 224256K, 80% used [0x00000000a0000000,0x00000000ab1550a8,0x00000000adb00000)
 Metaspace       used 78244K, capacity 79916K, committed 80408K, reserved 1120256K
  class space    used 9268K, capacity 9695K, committed 9776K, reserved 1048576K
}

