# JRE version: OpenJDK Runtime Environment (8.0_202-b03) (build 1.8.0_202-release-1483-b03)
# Java VM: OpenJDK 64-Bit Server VM (25.202-b03 mixed mode windows-amd64 compressed oops)
Heap:
 PSYoungGen      total 288768K, used 275438K [0x00000000e0000000, 0x00000000f3780000, 0x0000000100000000)
  eden space 278016K, 95% used [0x00000000e0000000,0x00000000f02a1450,0x00000000f0f80000)
  from space 10752K, 98% used [0x00000000f2d00000,0x00000000f375a5a8,0x00000000f3780000)
  to   space 20480K, 0% used [0x00000000f0f80000,0x00000000f0f80000,0x00000000f2380000)
 ParOldGen       total 106496K, used 60042K [0x00000000a0000000, 0x00000000a6800000, 0x00000000e0000000)
  object space 106496K, 56% used [0x00000000a0000000,0x00000000a3aa2a68,0x00000000a6800000)
 Metaspace       used 81177K, capacity 83276K, committed 83352K, reserved 1122304K
  class space    used 10636K, capacity 11132K, committed 11184K, reserved 1048576K
GC Heap History (10 events):
Event: 17.451 GC heap before
{Heap before GC invocations=13 (full 2):
 PSYoungGen      total 178176K, used 178149K [0x00000000e0000000, 0x00000000ec080000, 0x0000000100000000)
  eden space 165888K, 100% used [0x00000000e0000000,0x00000000ea200000,0x00000000ea200000)
  from space 12288K, 99% used [0x00000000eb480000,0x00000000ec079420,0x00000000ec080000)
  to   space 14848K, 0% used [0x00000000ea380000,0x00000000ea380000,0x00000000eb200000)
 ParOldGen       total 70144K, used 20507K [0x00000000a0000000, 0x00000000a4480000, 0x00000000e0000000)
  object space 70144K, 29% used [0x00000000a0000000,0x00000000a1406ed8,0x00000000a4480000)
 Metaspace       used 49151K, capacity 50154K, committed 50480K, reserved 1093632K
  class space    used 6614K, capacity 6924K, committed 6960K, reserved 1048576K
Event: 17.468 GC heap after
Heap after GC invocations=13 (full 2):
 PSYoungGen      total 182272K, used 4750K [0x00000000e0000000, 0x00000000efb00000, 0x0000000100000000)
  eden space 167424K, 0% used [0x00000000e0000000,0x00000000e0000000,0x00000000ea380000)
  from space 14848K, 31% used [0x00000000ea380000,0x00000000ea823928,0x00000000eb200000)
  to   space 14848K, 0% used [0x00000000eec80000,0x00000000eec80000,0x00000000efb00000)
 ParOldGen       total 70144K, used 29026K [0x00000000a0000000, 0x00000000a4480000, 0x00000000e0000000)
  object space 70144K, 41% used [0x00000000a0000000,0x00000000a1c588a0,0x00000000a4480000)
 Metaspace       used 49151K, capacity 50154K, committed 50480K, reserved 1093632K
  class space    used 6614K, capacity 6924K, committed 6960K, reserved 1048576K
}
Event: 20.863 GC heap before
{Heap before GC invocations=14 (full 2):
 PSYoungGen      total 182272K, used 109390K [0x00000000e0000000, 0x00000000efb00000, 0x0000000100000000)
  eden space 167424K, 62% used [0x00000000e0000000,0x00000000e6630090,0x00000000ea380000)
  from space 14848K, 31% used [0x00000000ea380000,0x00000000ea823928,0x00000000eb200000)
  to   space 14848K, 0% used [0x00000000eec80000,0x00000000eec80000,0x00000000efb00000)
 ParOldGen       total 70144K, used 29026K [0x00000000a0000000, 0x00000000a4480000, 0x00000000e0000000)
  object space 70144K, 41% used [0x00000000a0000000,0x00000000a1c588a0,0x00000000a4480000)
 Metaspace       used 57696K, capacity 59138K, committed 59160K, reserved 1099776K
  class space    used 7817K, capacity 8233K, committed 8240K, reserved 1048576K
Event: 20.879 GC heap after
Heap after GC invocations=14 (full 2):
 PSYoungGen      total 239104K, used 13391K [0x00000000e0000000, 0x00000000efb00000, 0x0000000100000000)
  eden space 224256K, 0% used [0x00000000e0000000,0x00000000e0000000,0x00000000edb00000)
  from space 14848K, 90% used [0x00000000eec80000,0x00000000ef993e98,0x00000000efb00000)
  to   space 16384K, 0% used [0x00000000edb00000,0x00000000edb00000,0x00000000eeb00000)
 ParOldGen       total 70144K, used 30312K [0x00000000a0000000, 0x00000000a4480000, 0x00000000e0000000)
  object space 70144K, 43% used [0x00000000a0000000,0x00000000a1d9a070,0x00000000a4480000)
 Metaspace       used 57696K, capacity 59138K, committed 59160K, reserved 1099776K
  class space    used 7817K, capacity 8233K, committed 8240K, reserved 1048576K
}
Event: 20.879 GC heap before
{Heap before GC invocations=15 (full 3):
 PSYoungGen      total 239104K, used 13391K [0x00000000e0000000, 0x00000000efb00000, 0x0000000100000000)
  eden space 224256K, 0% used [0x00000000e0000000,0x00000000e0000000,0x00000000edb00000)
  from space 14848K, 90% used [0x00000000eec80000,0x00000000ef993e98,0x00000000efb00000)
  to   space 16384K, 0% used [0x00000000edb00000,0x00000000edb00000,0x00000000eeb00000)
 ParOldGen       total 70144K, used 30312K [0x00000000a0000000, 0x00000000a4480000, 0x00000000e0000000)
  object space 70144K, 43% used [0x00000000a0000000,0x00000000a1d9a070,0x00000000a4480000)
 Metaspace       used 57696K, capacity 59138K, committed 59160K, reserved 1099776K
  class space    used 7817K, capacity 8233K, committed 8240K, reserved 1048576K
Event: 21.117 GC heap after
Heap after GC invocations=15 (full 3):
 PSYoungGen      total 239104K, used 0K [0x00000000e0000000, 0x00000000efb00000, 0x0000000100000000)
  eden space 224256K, 0% used [0x00000000e0000000,0x00000000e0000000,0x00000000edb00000)
  from space 14848K, 0% used [0x00000000eec80000,0x00000000eec80000,0x00000000efb00000)
  to   space 16384K, 0% used [0x00000000edb00000,0x00000000edb00000,0x00000000eeb00000)
 ParOldGen       total 106496K, used 36871K [0x00000000a0000000, 0x00000000a6800000, 0x00000000e0000000)
  object space 106496K, 34% used [0x00000000a0000000,0x00000000a2401f08,0x00000000a6800000)
 Metaspace       used 57696K, capacity 59138K, committed 59160K, reserved 1099776K
  class space    used 7817K, capacity 8233K, committed 8240K, reserved 1048576K
}
Event: 34.296 GC heap before
{Heap before GC invocations=16 (full 3):
 PSYoungGen      total 239104K, used 224256K [0x00000000e0000000, 0x00000000efb00000, 0x0000000100000000)
  eden space 224256K, 100% used [0x00000000e0000000,0x00000000edb00000,0x00000000edb00000)
  from space 14848K, 0% used [0x00000000eec80000,0x00000000eec80000,0x00000000efb00000)
  to   space 16384K, 0% used [0x00000000edb00000,0x00000000edb00000,0x00000000eeb00000)
 ParOldGen       total 106496K, used 36871K [0x00000000a0000000, 0x00000000a6800000, 0x00000000e0000000)
  object space 106496K, 34% used [0x00000000a0000000,0x00000000a2401f08,0x00000000a6800000)
 Metaspace       used 65336K, capacity 67088K, committed 67352K, reserved 1107968K
  class space    used 8740K, capacity 9183K, committed 9264K, reserved 1048576K
Event: 34.323 GC heap after
Heap after GC invocations=16 (full 3):
 PSYoungGen      total 240640K, used 16377K [0x00000000e0000000, 0x00000000f4200000, 0x0000000100000000)
  eden space 224256K, 0% used [0x00000000e0000000,0x00000000e0000000,0x00000000edb00000)
  from space 16384K, 99% used [0x00000000edb00000,0x00000000eeafe680,0x00000000eeb00000)
  to   space 21504K, 0% used [0x00000000f2d00000,0x00000000f2d00000,0x00000000f4200000)
 ParOldGen       total 106496K, used 44961K [0x00000000a0000000, 0x00000000a6800000, 0x00000000e0000000)
  object space 106496K, 42% used [0x00000000a0000000,0x00000000a2be8790,0x00000000a6800000)
 Metaspace       used 65336K, capacity 67088K, committed 67352K, reserved 1107968K
  class space    used 8740K, capacity 9183K, committed 9264K, reserved 1048576K
}
Event: 69.609 GC heap before
{Heap before GC invocations=17 (full 3):
 PSYoungGen      total 240640K, used 240633K [0x00000000e0000000, 0x00000000f4200000, 0x0000000100000000)
  eden space 224256K, 100% used [0x00000000e0000000,0x00000000edb00000,0x00000000edb00000)
  from space 16384K, 99% used [0x00000000edb00000,0x00000000eeafe680,0x00000000eeb00000)
  to   space 21504K, 0% used [0x00000000f2d00000,0x00000000f2d00000,0x00000000f4200000)
 ParOldGen       total 106496K, used 44961K [0x00000000a0000000, 0x00000000a6800000, 0x00000000e0000000)
  object space 106496K, 42% used [0x00000000a0000000,0x00000000a2be8790,0x00000000a6800000)
 Metaspace       used 71332K, capacity 73122K, committed 73240K, reserved 1112064K
  class space    used 9485K, capacity 9980K, committed 10032K, reserved 1048576K
Event: 69.634 GC heap after
Heap after GC invocations=17 (full 3):
 PSYoungGen      total 288768K, used 10601K [0x00000000e0000000, 0x00000000f3780000, 0x0000000100000000)
  eden space 278016K, 0% used [0x00000000e0000000,0x00000000e0000000,0x00000000f0f80000)
  from space 10752K, 98% used [0x00000000f2d00000,0x00000000f375a5a8,0x00000000f3780000)
  to   space 20480K, 0% used [0x00000000f0f80000,0x00000000f0f80000,0x00000000f2380000)
 ParOldGen       total 106496K, used 60042K [0x00000000a0000000, 0x00000000a6800000, 0x00000000e0000000)
  object space 106496K, 56% used [0x00000000a0000000,0x00000000a3aa2a68,0x00000000a6800000)
 Metaspace       used 71332K, capacity 73122K, committed 73240K, reserved 1112064K
  class space    used 9485K, capacity 9980K, committed 10032K, reserved 1048576K
}

