# JRE version: OpenJDK Runtime Environment (8.0_202-b03) (build 1.8.0_202-release-1483-b03)
# Java VM: OpenJDK 64-Bit Server VM (25.202-b03 mixed mode windows-amd64 compressed oops)
Heap:
 PSYoungGen      total 456192K, used 178819K [0x00000000e0000000, 0x00000000fff80000, 0x0000000100000000)
  eden space 388096K, 46% used [0x00000000e0000000,0x00000000eaea0c40,0x00000000f7b00000)
  from space 68096K, 0% used [0x00000000f7b00000,0x00000000f7b00000,0x00000000fbd80000)
  to   space 66560K, 0% used [0x00000000fbe80000,0x00000000fbe80000,0x00000000fff80000)
 ParOldGen       total 337408K, used 72537K [0x00000000a0000000, 0x00000000b4980000, 0x00000000e0000000)
  object space 337408K, 21% used [0x00000000a0000000,0x00000000a46d6698,0x00000000b4980000)
 Metaspace       used 129914K, capacity 136317K, committed 138048K, reserved 1169408K
  class space    used 16400K, capacity 17608K, committed 17984K, reserved 1048576K
GC Heap History (10 events):
Event: 3438.372 GC heap before
{Heap before GC invocations=43 (full 5):
 PSYoungGen      total 437760K, used 374132K [0x00000000e0000000, 0x00000000ff880000, 0x0000000100000000)
  eden space 365568K, 100% used [0x00000000e0000000,0x00000000f6500000,0x00000000f6500000)
  from space 72192K, 11% used [0x00000000f6500000,0x00000000f6d5d1c0,0x00000000fab80000)
  to   space 69632K, 0% used [0x00000000fb480000,0x00000000fb480000,0x00000000ff880000)
 ParOldGen       total 337408K, used 179408K [0x00000000a0000000, 0x00000000b4980000, 0x00000000e0000000)
  object space 337408K, 53% used [0x00000000a0000000,0x00000000aaf34118,0x00000000b4980000)
 Metaspace       used 129672K, capacity 136541K, committed 136640K, reserved 1167360K
  class space    used 16473K, capacity 17812K, committed 17856K, reserved 1048576K
Event: 3438.412 GC heap after
Heap after GC invocations=43 (full 5):
 PSYoungGen      total 449024K, used 25442K [0x00000000e0000000, 0x00000000ff780000, 0x0000000100000000)
  eden space 380416K, 0% used [0x00000000e0000000,0x00000000e0000000,0x00000000f7380000)
  from space 68608K, 37% used [0x00000000fb480000,0x00000000fcd58b28,0x00000000ff780000)
  to   space 66560K, 0% used [0x00000000f7380000,0x00000000f7380000,0x00000000fb480000)
 ParOldGen       total 337408K, used 179416K [0x00000000a0000000, 0x00000000b4980000, 0x00000000e0000000)
  object space 337408K, 53% used [0x00000000a0000000,0x00000000aaf36118,0x00000000b4980000)
 Metaspace       used 129672K, capacity 136541K, committed 136640K, reserved 1167360K
  class space    used 16473K, capacity 17812K, committed 17856K, reserved 1048576K
}
Event: 3453.429 GC heap before
{Heap before GC invocations=44 (full 5):
 PSYoungGen      total 449024K, used 402507K [0x00000000e0000000, 0x00000000ff780000, 0x0000000100000000)
  eden space 380416K, 99% used [0x00000000e0000000,0x00000000f703a340,0x00000000f7380000)
  from space 68608K, 37% used [0x00000000fb480000,0x00000000fcd58b28,0x00000000ff780000)
  to   space 66560K, 0% used [0x00000000f7380000,0x00000000f7380000,0x00000000fb480000)
 ParOldGen       total 337408K, used 179416K [0x00000000a0000000, 0x00000000b4980000, 0x00000000e0000000)
  object space 337408K, 53% used [0x00000000a0000000,0x00000000aaf36118,0x00000000b4980000)
 Metaspace       used 130132K, capacity 137025K, committed 137152K, reserved 1169408K
  class space    used 16497K, capacity 17842K, committed 17856K, reserved 1048576K
Event: 3453.496 GC heap after
Heap after GC invocations=44 (full 5):
 PSYoungGen      total 446976K, used 35347K [0x00000000e0000000, 0x00000000fff00000, 0x0000000100000000)
  eden space 380416K, 0% used [0x00000000e0000000,0x00000000e0000000,0x00000000f7380000)
  from space 66560K, 53% used [0x00000000f7380000,0x00000000f9604ec0,0x00000000fb480000)
  to   space 67072K, 0% used [0x00000000fbd80000,0x00000000fbd80000,0x00000000fff00000)
 ParOldGen       total 337408K, used 179416K [0x00000000a0000000, 0x00000000b4980000, 0x00000000e0000000)
  object space 337408K, 53% used [0x00000000a0000000,0x00000000aaf36118,0x00000000b4980000)
 Metaspace       used 130132K, capacity 137025K, committed 137152K, reserved 1169408K
  class space    used 16497K, capacity 17842K, committed 17856K, reserved 1048576K
}
Event: 3455.870 GC heap before
{Heap before GC invocations=45 (full 5):
 PSYoungGen      total 446976K, used 415763K [0x00000000e0000000, 0x00000000fff00000, 0x0000000100000000)
  eden space 380416K, 100% used [0x00000000e0000000,0x00000000f7380000,0x00000000f7380000)
  from space 66560K, 53% used [0x00000000f7380000,0x00000000f9604ec0,0x00000000fb480000)
  to   space 67072K, 0% used [0x00000000fbd80000,0x00000000fbd80000,0x00000000fff00000)
 ParOldGen       total 337408K, used 179416K [0x00000000a0000000, 0x00000000b4980000, 0x00000000e0000000)
  object space 337408K, 53% used [0x00000000a0000000,0x00000000aaf36118,0x00000000b4980000)
 Metaspace       used 130570K, capacity 137531K, committed 137792K, reserved 1169408K
  class space    used 16537K, capacity 17879K, committed 17984K, reserved 1048576K
Event: 3455.895 GC heap after
Heap after GC invocations=45 (full 5):
 PSYoungGen      total 455168K, used 37296K [0x00000000e0000000, 0x0000000100000000, 0x0000000100000000)
  eden space 388096K, 0% used [0x00000000e0000000,0x00000000e0000000,0x00000000f7b00000)
  from space 67072K, 55% used [0x00000000fbd80000,0x00000000fe1ec180,0x00000000fff00000)
  to   space 68096K, 0% used [0x00000000f7b00000,0x00000000f7b00000,0x00000000fbd80000)
 ParOldGen       total 337408K, used 179424K [0x00000000a0000000, 0x00000000b4980000, 0x00000000e0000000)
  object space 337408K, 53% used [0x00000000a0000000,0x00000000aaf38118,0x00000000b4980000)
 Metaspace       used 130570K, capacity 137531K, committed 137792K, reserved 1169408K
  class space    used 16537K, capacity 17879K, committed 17984K, reserved 1048576K
}
Event: 4230.164 GC heap before
{Heap before GC invocations=46 (full 5):
 PSYoungGen      total 455168K, used 386008K [0x00000000e0000000, 0x0000000100000000, 0x0000000100000000)
  eden space 388096K, 89% used [0x00000000e0000000,0x00000000f5489ee0,0x00000000f7b00000)
  from space 67072K, 55% used [0x00000000fbd80000,0x00000000fe1ec180,0x00000000fff00000)
  to   space 68096K, 0% used [0x00000000f7b00000,0x00000000f7b00000,0x00000000fbd80000)
 ParOldGen       total 337408K, used 179424K [0x00000000a0000000, 0x00000000b4980000, 0x00000000e0000000)
  object space 337408K, 53% used [0x00000000a0000000,0x00000000aaf38118,0x00000000b4980000)
 Metaspace       used 130697K, capacity 137757K, committed 138048K, reserved 1169408K
  class space    used 16553K, capacity 17908K, committed 17984K, reserved 1048576K
Event: 4230.179 GC heap after
Heap after GC invocations=46 (full 5):
 PSYoungGen      total 456192K, used 7399K [0x00000000e0000000, 0x00000000fff80000, 0x0000000100000000)
  eden space 388096K, 0% used [0x00000000e0000000,0x00000000e0000000,0x00000000f7b00000)
  from space 68096K, 10% used [0x00000000f7b00000,0x00000000f8239ce0,0x00000000fbd80000)
  to   space 66560K, 0% used [0x00000000fbe80000,0x00000000fbe80000,0x00000000fff80000)
 ParOldGen       total 337408K, used 179432K [0x00000000a0000000, 0x00000000b4980000, 0x00000000e0000000)
  object space 337408K, 53% used [0x00000000a0000000,0x00000000aaf3a118,0x00000000b4980000)
 Metaspace       used 130697K, capacity 137757K, committed 138048K, reserved 1169408K
  class space    used 16553K, capacity 17908K, committed 17984K, reserved 1048576K
}
Event: 4230.179 GC heap before
{Heap before GC invocations=47 (full 6):
 PSYoungGen      total 456192K, used 7399K [0x00000000e0000000, 0x00000000fff80000, 0x0000000100000000)
  eden space 388096K, 0% used [0x00000000e0000000,0x00000000e0000000,0x00000000f7b00000)
  from space 68096K, 10% used [0x00000000f7b00000,0x00000000f8239ce0,0x00000000fbd80000)
  to   space 66560K, 0% used [0x00000000fbe80000,0x00000000fbe80000,0x00000000fff80000)
 ParOldGen       total 337408K, used 179432K [0x00000000a0000000, 0x00000000b4980000, 0x00000000e0000000)
  object space 337408K, 53% used [0x00000000a0000000,0x00000000aaf3a118,0x00000000b4980000)
 Metaspace       used 130697K, capacity 137757K, committed 138048K, reserved 1169408K
  class space    used 16553K, capacity 17908K, committed 17984K, reserved 1048576K
Event: 4232.038 GC heap after
Heap after GC invocations=47 (full 6):
 PSYoungGen      total 456192K, used 0K [0x00000000e0000000, 0x00000000fff80000, 0x0000000100000000)
  eden space 388096K, 0% used [0x00000000e0000000,0x00000000e0000000,0x00000000f7b00000)
  from space 68096K, 0% used [0x00000000f7b00000,0x00000000f7b00000,0x00000000fbd80000)
  to   space 66560K, 0% used [0x00000000fbe80000,0x00000000fbe80000,0x00000000fff80000)
 ParOldGen       total 337408K, used 72537K [0x00000000a0000000, 0x00000000b4980000, 0x00000000e0000000)
  object space 337408K, 21% used [0x00000000a0000000,0x00000000a46d6698,0x00000000b4980000)
 Metaspace       used 129778K, capacity 136057K, committed 138048K, reserved 1169408K
  class space    used 16388K, capacity 17586K, committed 17984K, reserved 1048576K
}

